build/app/outputs/mapping/release/mapping.txt
# compiler: R8
# compiler_version: 1.5.64
# min_api: 16
# pg_map_id: 8b49911
...
com.github.barteksc.pdfviewer.util.MathUtils -> c.b.a.a.m.c:
    int ceil(float) -> a
    float limit(float,float,float) -> a
    float max(float,float) -> a
    int max(int,int) -> a
    int floor(float) -> b
    int min(int,int) -> b
com.github.barteksc.pdfviewer.util.Util -> c.b.a.a.m.d:
    int getDP(android.content.Context,int) -> a
com.shockwave.pdfium.PdfDocument -> com.shockwave.pdfium.a:
    android.os.ParcelFileDescriptor parcelFileDescriptor -> b
    java.util.Map mNativePagesPtr -> c
    long mNativeDocPtr -> a
com.shockwave.pdfium.PdfDocument$Bookmark -> com.shockwave.pdfium.a$a:
    java.util.List children -> a
    java.util.List getChildren() -> a
com.shockwave.pdfium.PdfDocument$Meta -> com.shockwave.pdfium.a$b:
com.shockwave.pdfium.PdfiumCore -> com.shockwave.pdfium.PdfiumCore:
    java.lang.Object lock -> e
    java.lang.reflect.Field mFdField -> d
    java.lang.String TAG -> b
    java.lang.Class FD_CLASS -> c
    int mCurrentDpi -> a
    void closeDocument(com.shockwave.pdfium.PdfDocument) -> a
    int getNumFd(android.os.ParcelFileDescriptor) -> a
    int getPageHeight(com.shockwave.pdfium.PdfDocument,int) -> a
    com.shockwave.pdfium.PdfDocument newDocument(android.os.ParcelFileDescriptor,java.lang.String) -> a
    void recursiveGetBookmark(java.util.List,com.shockwave.pdfium.PdfDocument,long) -> a
    void renderPageBitmap(com.shockwave.pdfium.PdfDocument,android.graphics.Bitmap,int,int,int,int,int,boolean) -> a
    com.shockwave.pdfium.PdfDocument$Meta getDocumentMeta(com.shockwave.pdfium.PdfDocument) -> b
    int getPageWidth(com.shockwave.pdfium.PdfDocument,int) -> b
    int getPageCount(com.shockwave.pdfium.PdfDocument) -> c
    long openPage(com.shockwave.pdfium.PdfDocument,int) -> c
    java.util.List getTableOfContents(com.shockwave.pdfium.PdfDocument) -> d
com.tekartik.sqflite.Database -> c.c.a.a:
    android.database.sqlite.SQLiteDatabase sqliteDatabase -> e
    boolean inTransaction -> f
    int logLevel -> d
    boolean singleInstance -> a
    java.lang.String path -> b
    int id -> c
    void close() -> a
    void deleteDatabase(java.lang.String) -> a
    android.database.sqlite.SQLiteDatabase getReadableDatabase() -> b
    java.lang.String getThreadLogPrefix() -> c
    java.lang.String getThreadLogTag() -> d
    android.database.sqlite.SQLiteDatabase getWritableDatabase() -> e
    void open() -> f
    void openReadOnly() -> g
com.tekartik.sqflite.Database$1 -> c.c.a.a$a:
com.tekartik.sqflite.LogLevel -> c.c.a.b:
    java.lang.Integer getLogLevel(io.flutter.plugin.common.MethodCall) -> a
    boolean hasSqlLevel(int) -> a
    boolean hasVerboseLevel(int) -> b